10:08:11.529 [pool-3-thread-1] INFO  com.lonefeifei.custom.Scheduling.SchedulingConfig - >>>>>>>>>>>>> scheduled ... 
10:08:11.529 [pool-2-thread-1] INFO  com.lonefeifei.custom.Scheduling.CountTask - >>>>>>>>>>>>>CountTask scheduled  run... 
10:08:15.008 [pool-2-thread-1] INFO  com.lonefeifei.custom.Scheduling.CountTask - >>>>>>>>>>>>>CountTask scheduled  run... 
10:08:20.004 [pool-2-thread-1] INFO  com.lonefeifei.custom.Scheduling.CountTask - >>>>>>>>>>>>>CountTask scheduled  run... 
10:08:20.004 [pool-3-thread-1] INFO  com.lonefeifei.custom.Scheduling.SchedulingConfig - >>>>>>>>>>>>> scheduled ... 
10:08:25.004 [pool-2-thread-1] INFO  com.lonefeifei.custom.Scheduling.CountTask - >>>>>>>>>>>>>CountTask scheduled  run... 
10:08:30.004 [pool-2-thread-1] INFO  com.lonefeifei.custom.Scheduling.CountTask - >>>>>>>>>>>>>CountTask scheduled  run... 
10:08:35.000 [pool-2-thread-1] INFO  com.lonefeifei.custom.Scheduling.CountTask - >>>>>>>>>>>>>CountTask scheduled  run... 
10:08:40.004 [pool-2-thread-1] INFO  com.lonefeifei.custom.Scheduling.CountTask - >>>>>>>>>>>>>CountTask scheduled  run... 
10:08:40.004 [pool-3-thread-1] INFO  com.lonefeifei.custom.Scheduling.SchedulingConfig - >>>>>>>>>>>>> scheduled ... 
10:08:45.002 [pool-2-thread-1] INFO  com.lonefeifei.custom.Scheduling.CountTask - >>>>>>>>>>>>>CountTask scheduled  run... 
10:08:50.001 [pool-2-thread-1] INFO  com.lonefeifei.custom.Scheduling.CountTask - >>>>>>>>>>>>>CountTask scheduled  run... 
10:08:55.005 [pool-2-thread-1] INFO  com.lonefeifei.custom.Scheduling.CountTask - >>>>>>>>>>>>>CountTask scheduled  run... 
10:09:00.004 [pool-2-thread-1] INFO  com.lonefeifei.custom.Scheduling.CountTask - >>>>>>>>>>>>>CountTask scheduled  run... 
10:09:00.004 [pool-3-thread-1] INFO  com.lonefeifei.custom.Scheduling.SchedulingConfig - >>>>>>>>>>>>> scheduled ... 
10:09:05.005 [pool-2-thread-1] INFO  com.lonefeifei.custom.Scheduling.CountTask - >>>>>>>>>>>>>CountTask scheduled  run... 
10:09:10.002 [pool-2-thread-1] INFO  com.lonefeifei.custom.Scheduling.CountTask - >>>>>>>>>>>>>CountTask scheduled  run... 
10:09:15.004 [pool-2-thread-1] INFO  com.lonefeifei.custom.Scheduling.CountTask - >>>>>>>>>>>>>CountTask scheduled  run... 
10:09:20.000 [pool-2-thread-1] INFO  com.lonefeifei.custom.Scheduling.CountTask - >>>>>>>>>>>>>CountTask scheduled  run... 
10:09:20.000 [pool-3-thread-1] INFO  com.lonefeifei.custom.Scheduling.SchedulingConfig - >>>>>>>>>>>>> scheduled ... 
10:09:25.000 [pool-2-thread-1] INFO  com.lonefeifei.custom.Scheduling.CountTask - >>>>>>>>>>>>>CountTask scheduled  run... 
10:09:30.001 [pool-2-thread-1] INFO  com.lonefeifei.custom.Scheduling.CountTask - >>>>>>>>>>>>>CountTask scheduled  run... 
10:09:35.002 [pool-2-thread-1] INFO  com.lonefeifei.custom.Scheduling.CountTask - >>>>>>>>>>>>>CountTask scheduled  run... 
10:09:40.005 [pool-3-thread-1] INFO  com.lonefeifei.custom.Scheduling.SchedulingConfig - >>>>>>>>>>>>> scheduled ... 
10:09:40.006 [pool-2-thread-1] INFO  com.lonefeifei.custom.Scheduling.CountTask - >>>>>>>>>>>>>CountTask scheduled  run... 
10:09:45.001 [pool-2-thread-1] INFO  com.lonefeifei.custom.Scheduling.CountTask - >>>>>>>>>>>>>CountTask scheduled  run... 
10:09:50.002 [pool-2-thread-1] INFO  com.lonefeifei.custom.Scheduling.CountTask - >>>>>>>>>>>>>CountTask scheduled  run... 
10:09:55.005 [pool-2-thread-1] INFO  com.lonefeifei.custom.Scheduling.CountTask - >>>>>>>>>>>>>CountTask scheduled  run... 
10:10:00.001 [pool-2-thread-1] INFO  com.lonefeifei.custom.Scheduling.CountTask - >>>>>>>>>>>>>CountTask scheduled  run... 
10:10:00.001 [pool-3-thread-1] INFO  com.lonefeifei.custom.Scheduling.SchedulingConfig - >>>>>>>>>>>>> scheduled ... 
10:10:05.001 [pool-2-thread-1] INFO  com.lonefeifei.custom.Scheduling.CountTask - >>>>>>>>>>>>>CountTask scheduled  run... 
10:10:10.005 [pool-2-thread-1] INFO  com.lonefeifei.custom.Scheduling.CountTask - >>>>>>>>>>>>>CountTask scheduled  run... 
10:10:15.001 [pool-2-thread-1] INFO  com.lonefeifei.custom.Scheduling.CountTask - >>>>>>>>>>>>>CountTask scheduled  run... 
10:10:20.002 [pool-2-thread-1] INFO  com.lonefeifei.custom.Scheduling.CountTask - >>>>>>>>>>>>>CountTask scheduled  run... 
10:10:20.002 [pool-3-thread-1] INFO  com.lonefeifei.custom.Scheduling.SchedulingConfig - >>>>>>>>>>>>> scheduled ... 
10:10:25.005 [pool-2-thread-1] INFO  com.lonefeifei.custom.Scheduling.CountTask - >>>>>>>>>>>>>CountTask scheduled  run... 
10:10:30.005 [pool-2-thread-1] INFO  com.lonefeifei.custom.Scheduling.CountTask - >>>>>>>>>>>>>CountTask scheduled  run... 
10:10:35.005 [pool-2-thread-1] INFO  com.lonefeifei.custom.Scheduling.CountTask - >>>>>>>>>>>>>CountTask scheduled  run... 
10:10:40.002 [pool-2-thread-1] INFO  com.lonefeifei.custom.Scheduling.CountTask - >>>>>>>>>>>>>CountTask scheduled  run... 
10:10:40.002 [pool-3-thread-1] INFO  com.lonefeifei.custom.Scheduling.SchedulingConfig - >>>>>>>>>>>>> scheduled ... 
10:10:45.003 [pool-2-thread-1] INFO  com.lonefeifei.custom.Scheduling.CountTask - >>>>>>>>>>>>>CountTask scheduled  run... 
10:10:50.001 [pool-2-thread-1] INFO  com.lonefeifei.custom.Scheduling.CountTask - >>>>>>>>>>>>>CountTask scheduled  run... 
10:10:55.002 [pool-2-thread-1] INFO  com.lonefeifei.custom.Scheduling.CountTask - >>>>>>>>>>>>>CountTask scheduled  run... 
10:11:00.005 [pool-2-thread-1] INFO  com.lonefeifei.custom.Scheduling.CountTask - >>>>>>>>>>>>>CountTask scheduled  run... 
10:11:00.005 [pool-3-thread-1] INFO  com.lonefeifei.custom.Scheduling.SchedulingConfig - >>>>>>>>>>>>> scheduled ... 
10:11:05.001 [pool-2-thread-1] INFO  com.lonefeifei.custom.Scheduling.CountTask - >>>>>>>>>>>>>CountTask scheduled  run... 
10:11:10.006 [pool-2-thread-1] INFO  com.lonefeifei.custom.Scheduling.CountTask - >>>>>>>>>>>>>CountTask scheduled  run... 
10:11:15.005 [pool-2-thread-1] INFO  com.lonefeifei.custom.Scheduling.CountTask - >>>>>>>>>>>>>CountTask scheduled  run... 
10:11:20.000 [pool-2-thread-1] INFO  com.lonefeifei.custom.Scheduling.CountTask - >>>>>>>>>>>>>CountTask scheduled  run... 
10:11:20.001 [pool-3-thread-1] INFO  com.lonefeifei.custom.Scheduling.SchedulingConfig - >>>>>>>>>>>>> scheduled ... 
10:11:25.002 [pool-2-thread-1] INFO  com.lonefeifei.custom.Scheduling.CountTask - >>>>>>>>>>>>>CountTask scheduled  run... 
10:11:30.003 [pool-2-thread-1] INFO  com.lonefeifei.custom.Scheduling.CountTask - >>>>>>>>>>>>>CountTask scheduled  run... 
10:11:35.005 [pool-2-thread-1] INFO  com.lonefeifei.custom.Scheduling.CountTask - >>>>>>>>>>>>>CountTask scheduled  run... 
10:11:40.003 [pool-3-thread-1] INFO  com.lonefeifei.custom.Scheduling.SchedulingConfig - >>>>>>>>>>>>> scheduled ... 
10:11:40.004 [pool-2-thread-1] INFO  com.lonefeifei.custom.Scheduling.CountTask - >>>>>>>>>>>>>CountTask scheduled  run... 
10:11:45.001 [pool-2-thread-1] INFO  com.lonefeifei.custom.Scheduling.CountTask - >>>>>>>>>>>>>CountTask scheduled  run... 
10:11:50.004 [pool-2-thread-1] INFO  com.lonefeifei.custom.Scheduling.CountTask - >>>>>>>>>>>>>CountTask scheduled  run... 
10:11:55.000 [pool-2-thread-1] INFO  com.lonefeifei.custom.Scheduling.CountTask - >>>>>>>>>>>>>CountTask scheduled  run... 
10:12:00.002 [pool-2-thread-1] INFO  com.lonefeifei.custom.Scheduling.CountTask - >>>>>>>>>>>>>CountTask scheduled  run... 
10:12:00.003 [pool-3-thread-1] INFO  com.lonefeifei.custom.Scheduling.SchedulingConfig - >>>>>>>>>>>>> scheduled ... 
10:12:05.002 [pool-2-thread-1] INFO  com.lonefeifei.custom.Scheduling.CountTask - >>>>>>>>>>>>>CountTask scheduled  run... 
10:12:10.004 [pool-2-thread-1] INFO  com.lonefeifei.custom.Scheduling.CountTask - >>>>>>>>>>>>>CountTask scheduled  run... 
10:12:15.002 [pool-2-thread-1] INFO  com.lonefeifei.custom.Scheduling.CountTask - >>>>>>>>>>>>>CountTask scheduled  run... 
10:12:20.000 [pool-2-thread-1] INFO  com.lonefeifei.custom.Scheduling.CountTask - >>>>>>>>>>>>>CountTask scheduled  run... 
10:12:20.001 [pool-3-thread-1] INFO  com.lonefeifei.custom.Scheduling.SchedulingConfig - >>>>>>>>>>>>> scheduled ... 
10:12:25.000 [pool-2-thread-1] INFO  com.lonefeifei.custom.Scheduling.CountTask - >>>>>>>>>>>>>CountTask scheduled  run... 
10:12:30.000 [pool-2-thread-1] INFO  com.lonefeifei.custom.Scheduling.CountTask - >>>>>>>>>>>>>CountTask scheduled  run... 
10:12:35.002 [pool-2-thread-1] INFO  com.lonefeifei.custom.Scheduling.CountTask - >>>>>>>>>>>>>CountTask scheduled  run... 
10:12:40.010 [pool-3-thread-1] INFO  com.lonefeifei.custom.Scheduling.SchedulingConfig - >>>>>>>>>>>>> scheduled ... 
10:12:40.011 [pool-2-thread-1] INFO  com.lonefeifei.custom.Scheduling.CountTask - >>>>>>>>>>>>>CountTask scheduled  run... 
10:12:45.005 [pool-2-thread-1] INFO  com.lonefeifei.custom.Scheduling.CountTask - >>>>>>>>>>>>>CountTask scheduled  run... 
10:12:50.005 [pool-2-thread-1] INFO  com.lonefeifei.custom.Scheduling.CountTask - >>>>>>>>>>>>>CountTask scheduled  run... 
10:12:55.002 [pool-2-thread-1] INFO  com.lonefeifei.custom.Scheduling.CountTask - >>>>>>>>>>>>>CountTask scheduled  run... 
10:13:00.001 [pool-3-thread-1] INFO  com.lonefeifei.custom.Scheduling.SchedulingConfig - >>>>>>>>>>>>> scheduled ... 
10:13:00.001 [pool-2-thread-1] INFO  com.lonefeifei.custom.Scheduling.CountTask - >>>>>>>>>>>>>CountTask scheduled  run... 
10:13:05.003 [pool-2-thread-1] INFO  com.lonefeifei.custom.Scheduling.CountTask - >>>>>>>>>>>>>CountTask scheduled  run... 
10:13:10.001 [pool-2-thread-1] INFO  com.lonefeifei.custom.Scheduling.CountTask - >>>>>>>>>>>>>CountTask scheduled  run... 
10:13:15.003 [pool-2-thread-1] INFO  com.lonefeifei.custom.Scheduling.CountTask - >>>>>>>>>>>>>CountTask scheduled  run... 
10:13:20.003 [pool-2-thread-1] INFO  com.lonefeifei.custom.Scheduling.CountTask - >>>>>>>>>>>>>CountTask scheduled  run... 
10:13:20.003 [pool-3-thread-1] INFO  com.lonefeifei.custom.Scheduling.SchedulingConfig - >>>>>>>>>>>>> scheduled ... 
10:13:25.005 [pool-2-thread-1] INFO  com.lonefeifei.custom.Scheduling.CountTask - >>>>>>>>>>>>>CountTask scheduled  run... 
10:13:30.000 [pool-2-thread-1] INFO  com.lonefeifei.custom.Scheduling.CountTask - >>>>>>>>>>>>>CountTask scheduled  run... 
10:13:35.002 [pool-2-thread-1] INFO  com.lonefeifei.custom.Scheduling.CountTask - >>>>>>>>>>>>>CountTask scheduled  run... 
10:13:40.001 [pool-2-thread-1] INFO  com.lonefeifei.custom.Scheduling.CountTask - >>>>>>>>>>>>>CountTask scheduled  run... 
10:13:40.001 [pool-3-thread-1] INFO  com.lonefeifei.custom.Scheduling.SchedulingConfig - >>>>>>>>>>>>> scheduled ... 
10:13:45.003 [pool-2-thread-1] INFO  com.lonefeifei.custom.Scheduling.CountTask - >>>>>>>>>>>>>CountTask scheduled  run... 
10:13:50.003 [pool-2-thread-1] INFO  com.lonefeifei.custom.Scheduling.CountTask - >>>>>>>>>>>>>CountTask scheduled  run... 
10:13:55.003 [pool-2-thread-1] INFO  com.lonefeifei.custom.Scheduling.CountTask - >>>>>>>>>>>>>CountTask scheduled  run... 
10:14:00.003 [pool-2-thread-1] INFO  com.lonefeifei.custom.Scheduling.CountTask - >>>>>>>>>>>>>CountTask scheduled  run... 
10:14:00.003 [pool-3-thread-1] INFO  com.lonefeifei.custom.Scheduling.SchedulingConfig - >>>>>>>>>>>>> scheduled ... 
10:14:05.002 [pool-2-thread-1] INFO  com.lonefeifei.custom.Scheduling.CountTask - >>>>>>>>>>>>>CountTask scheduled  run... 
10:14:10.004 [pool-2-thread-1] INFO  com.lonefeifei.custom.Scheduling.CountTask - >>>>>>>>>>>>>CountTask scheduled  run... 
10:14:15.002 [pool-2-thread-1] INFO  com.lonefeifei.custom.Scheduling.CountTask - >>>>>>>>>>>>>CountTask scheduled  run... 
10:14:20.002 [pool-2-thread-1] INFO  com.lonefeifei.custom.Scheduling.CountTask - >>>>>>>>>>>>>CountTask scheduled  run... 
10:14:20.003 [pool-3-thread-1] INFO  com.lonefeifei.custom.Scheduling.SchedulingConfig - >>>>>>>>>>>>> scheduled ... 
10:14:25.002 [pool-2-thread-1] INFO  com.lonefeifei.custom.Scheduling.CountTask - >>>>>>>>>>>>>CountTask scheduled  run... 
10:14:30.003 [pool-2-thread-1] INFO  com.lonefeifei.custom.Scheduling.CountTask - >>>>>>>>>>>>>CountTask scheduled  run... 
10:14:35.001 [pool-2-thread-1] INFO  com.lonefeifei.custom.Scheduling.CountTask - >>>>>>>>>>>>>CountTask scheduled  run... 
10:14:40.000 [pool-2-thread-1] INFO  com.lonefeifei.custom.Scheduling.CountTask - >>>>>>>>>>>>>CountTask scheduled  run... 
10:14:40.000 [pool-3-thread-1] INFO  com.lonefeifei.custom.Scheduling.SchedulingConfig - >>>>>>>>>>>>> scheduled ... 
10:14:45.000 [pool-2-thread-1] INFO  com.lonefeifei.custom.Scheduling.CountTask - >>>>>>>>>>>>>CountTask scheduled  run... 
10:14:50.001 [pool-2-thread-1] INFO  com.lonefeifei.custom.Scheduling.CountTask - >>>>>>>>>>>>>CountTask scheduled  run... 
10:14:55.004 [pool-2-thread-1] INFO  com.lonefeifei.custom.Scheduling.CountTask - >>>>>>>>>>>>>CountTask scheduled  run... 
10:15:00.003 [pool-3-thread-1] INFO  com.lonefeifei.custom.Scheduling.SchedulingConfig - >>>>>>>>>>>>> scheduled ... 
10:15:00.003 [pool-2-thread-1] INFO  com.lonefeifei.custom.Scheduling.CountTask - >>>>>>>>>>>>>CountTask scheduled  run... 
10:15:05.004 [pool-2-thread-1] INFO  com.lonefeifei.custom.Scheduling.CountTask - >>>>>>>>>>>>>CountTask scheduled  run... 
10:15:10.005 [pool-2-thread-1] INFO  com.lonefeifei.custom.Scheduling.CountTask - >>>>>>>>>>>>>CountTask scheduled  run... 
10:15:15.000 [pool-2-thread-1] INFO  com.lonefeifei.custom.Scheduling.CountTask - >>>>>>>>>>>>>CountTask scheduled  run... 
10:15:20.000 [pool-3-thread-1] INFO  com.lonefeifei.custom.Scheduling.SchedulingConfig - >>>>>>>>>>>>> scheduled ... 
10:15:20.001 [pool-2-thread-1] INFO  com.lonefeifei.custom.Scheduling.CountTask - >>>>>>>>>>>>>CountTask scheduled  run... 
10:15:25.001 [pool-2-thread-1] INFO  com.lonefeifei.custom.Scheduling.CountTask - >>>>>>>>>>>>>CountTask scheduled  run... 
10:15:30.001 [pool-2-thread-1] INFO  com.lonefeifei.custom.Scheduling.CountTask - >>>>>>>>>>>>>CountTask scheduled  run... 
10:15:35.001 [pool-2-thread-1] INFO  com.lonefeifei.custom.Scheduling.CountTask - >>>>>>>>>>>>>CountTask scheduled  run... 
10:15:40.004 [pool-3-thread-1] INFO  com.lonefeifei.custom.Scheduling.SchedulingConfig - >>>>>>>>>>>>> scheduled ... 
10:15:40.004 [pool-2-thread-1] INFO  com.lonefeifei.custom.Scheduling.CountTask - >>>>>>>>>>>>>CountTask scheduled  run... 
10:15:45.003 [pool-2-thread-1] INFO  com.lonefeifei.custom.Scheduling.CountTask - >>>>>>>>>>>>>CountTask scheduled  run... 
10:15:50.003 [pool-2-thread-1] INFO  com.lonefeifei.custom.Scheduling.CountTask - >>>>>>>>>>>>>CountTask scheduled  run... 
10:15:55.000 [pool-2-thread-1] INFO  com.lonefeifei.custom.Scheduling.CountTask - >>>>>>>>>>>>>CountTask scheduled  run... 
10:16:00.000 [pool-2-thread-1] INFO  com.lonefeifei.custom.Scheduling.CountTask - >>>>>>>>>>>>>CountTask scheduled  run... 
10:16:00.001 [pool-3-thread-1] INFO  com.lonefeifei.custom.Scheduling.SchedulingConfig - >>>>>>>>>>>>> scheduled ... 
10:16:05.001 [pool-2-thread-1] INFO  com.lonefeifei.custom.Scheduling.CountTask - >>>>>>>>>>>>>CountTask scheduled  run... 
10:16:10.001 [pool-2-thread-1] INFO  com.lonefeifei.custom.Scheduling.CountTask - >>>>>>>>>>>>>CountTask scheduled  run... 
10:16:15.003 [pool-2-thread-1] INFO  com.lonefeifei.custom.Scheduling.CountTask - >>>>>>>>>>>>>CountTask scheduled  run... 
10:16:20.002 [pool-3-thread-1] INFO  com.lonefeifei.custom.Scheduling.SchedulingConfig - >>>>>>>>>>>>> scheduled ... 
10:16:20.002 [pool-2-thread-1] INFO  com.lonefeifei.custom.Scheduling.CountTask - >>>>>>>>>>>>>CountTask scheduled  run... 
10:16:25.002 [pool-2-thread-1] INFO  com.lonefeifei.custom.Scheduling.CountTask - >>>>>>>>>>>>>CountTask scheduled  run... 
10:16:30.000 [pool-2-thread-1] INFO  com.lonefeifei.custom.Scheduling.CountTask - >>>>>>>>>>>>>CountTask scheduled  run... 
10:16:35.000 [pool-2-thread-1] INFO  com.lonefeifei.custom.Scheduling.CountTask - >>>>>>>>>>>>>CountTask scheduled  run... 
10:16:40.001 [pool-2-thread-1] INFO  com.lonefeifei.custom.Scheduling.CountTask - >>>>>>>>>>>>>CountTask scheduled  run... 
10:16:40.001 [pool-3-thread-1] INFO  com.lonefeifei.custom.Scheduling.SchedulingConfig - >>>>>>>>>>>>> scheduled ... 
10:16:45.001 [pool-2-thread-1] INFO  com.lonefeifei.custom.Scheduling.CountTask - >>>>>>>>>>>>>CountTask scheduled  run... 
10:16:50.006 [pool-2-thread-1] INFO  com.lonefeifei.custom.Scheduling.CountTask - >>>>>>>>>>>>>CountTask scheduled  run... 
10:16:55.005 [pool-2-thread-1] INFO  com.lonefeifei.custom.Scheduling.CountTask - >>>>>>>>>>>>>CountTask scheduled  run... 
10:17:00.001 [pool-2-thread-1] INFO  com.lonefeifei.custom.Scheduling.CountTask - >>>>>>>>>>>>>CountTask scheduled  run... 
10:17:00.001 [pool-3-thread-1] INFO  com.lonefeifei.custom.Scheduling.SchedulingConfig - >>>>>>>>>>>>> scheduled ... 
10:17:05.005 [pool-2-thread-1] INFO  com.lonefeifei.custom.Scheduling.CountTask - >>>>>>>>>>>>>CountTask scheduled  run... 
10:17:10.000 [pool-2-thread-1] INFO  com.lonefeifei.custom.Scheduling.CountTask - >>>>>>>>>>>>>CountTask scheduled  run... 
10:17:15.002 [pool-2-thread-1] INFO  com.lonefeifei.custom.Scheduling.CountTask - >>>>>>>>>>>>>CountTask scheduled  run... 
10:17:20.000 [pool-2-thread-1] INFO  com.lonefeifei.custom.Scheduling.CountTask - >>>>>>>>>>>>>CountTask scheduled  run... 
10:17:20.006 [pool-3-thread-1] INFO  com.lonefeifei.custom.Scheduling.SchedulingConfig - >>>>>>>>>>>>> scheduled ... 
10:17:25.003 [pool-2-thread-1] INFO  com.lonefeifei.custom.Scheduling.CountTask - >>>>>>>>>>>>>CountTask scheduled  run... 
10:17:30.004 [pool-2-thread-1] INFO  com.lonefeifei.custom.Scheduling.CountTask - >>>>>>>>>>>>>CountTask scheduled  run... 
10:17:35.003 [pool-2-thread-1] INFO  com.lonefeifei.custom.Scheduling.CountTask - >>>>>>>>>>>>>CountTask scheduled  run... 
10:17:40.000 [pool-2-thread-1] INFO  com.lonefeifei.custom.Scheduling.CountTask - >>>>>>>>>>>>>CountTask scheduled  run... 
10:17:40.005 [pool-3-thread-1] INFO  com.lonefeifei.custom.Scheduling.SchedulingConfig - >>>>>>>>>>>>> scheduled ... 
10:17:45.005 [pool-2-thread-1] INFO  com.lonefeifei.custom.Scheduling.CountTask - >>>>>>>>>>>>>CountTask scheduled  run... 
10:17:50.001 [pool-2-thread-1] INFO  com.lonefeifei.custom.Scheduling.CountTask - >>>>>>>>>>>>>CountTask scheduled  run... 
10:17:55.002 [pool-2-thread-1] INFO  com.lonefeifei.custom.Scheduling.CountTask - >>>>>>>>>>>>>CountTask scheduled  run... 
10:18:00.002 [pool-2-thread-1] INFO  com.lonefeifei.custom.Scheduling.CountTask - >>>>>>>>>>>>>CountTask scheduled  run... 
10:18:00.002 [pool-3-thread-1] INFO  com.lonefeifei.custom.Scheduling.SchedulingConfig - >>>>>>>>>>>>> scheduled ... 
10:18:05.003 [pool-2-thread-1] INFO  com.lonefeifei.custom.Scheduling.CountTask - >>>>>>>>>>>>>CountTask scheduled  run... 
10:18:10.003 [pool-2-thread-1] INFO  com.lonefeifei.custom.Scheduling.CountTask - >>>>>>>>>>>>>CountTask scheduled  run... 
10:18:15.004 [pool-2-thread-1] INFO  com.lonefeifei.custom.Scheduling.CountTask - >>>>>>>>>>>>>CountTask scheduled  run... 
10:18:20.002 [pool-2-thread-1] INFO  com.lonefeifei.custom.Scheduling.CountTask - >>>>>>>>>>>>>CountTask scheduled  run... 
10:18:20.002 [pool-3-thread-1] INFO  com.lonefeifei.custom.Scheduling.SchedulingConfig - >>>>>>>>>>>>> scheduled ... 
10:18:25.004 [pool-2-thread-1] INFO  com.lonefeifei.custom.Scheduling.CountTask - >>>>>>>>>>>>>CountTask scheduled  run... 
10:18:30.000 [pool-2-thread-1] INFO  com.lonefeifei.custom.Scheduling.CountTask - >>>>>>>>>>>>>CountTask scheduled  run... 
10:18:35.000 [pool-2-thread-1] INFO  com.lonefeifei.custom.Scheduling.CountTask - >>>>>>>>>>>>>CountTask scheduled  run... 
10:18:40.000 [pool-3-thread-1] INFO  com.lonefeifei.custom.Scheduling.SchedulingConfig - >>>>>>>>>>>>> scheduled ... 
10:18:40.001 [pool-2-thread-1] INFO  com.lonefeifei.custom.Scheduling.CountTask - >>>>>>>>>>>>>CountTask scheduled  run... 
10:18:45.001 [pool-2-thread-1] INFO  com.lonefeifei.custom.Scheduling.CountTask - >>>>>>>>>>>>>CountTask scheduled  run... 
10:18:50.001 [pool-2-thread-1] INFO  com.lonefeifei.custom.Scheduling.CountTask - >>>>>>>>>>>>>CountTask scheduled  run... 
10:18:55.002 [pool-2-thread-1] INFO  com.lonefeifei.custom.Scheduling.CountTask - >>>>>>>>>>>>>CountTask scheduled  run... 
10:19:00.000 [pool-2-thread-1] INFO  com.lonefeifei.custom.Scheduling.CountTask - >>>>>>>>>>>>>CountTask scheduled  run... 
10:19:00.210 [redisMessageListenerContainer-1] ERROR o.s.d.redis.listener.RedisMessageListenerContainer - Connection failure occurred. Restarting subscription task after 5000 ms
10:19:00.211 [Thread-5] INFO  o.s.b.c.e.AnnotationConfigEmbeddedWebApplicationContext - Closing org.springframework.boot.context.embedded.AnnotationConfigEmbeddedWebApplicationContext@5d38249a: startup date [Mon Sep 19 15:25:11 CST 2016]; root of context hierarchy
10:19:00.295 [pool-3-thread-1] ERROR o.s.s.support.TaskUtils$LoggingErrorHandler - Unexpected error occurred in scheduled task.
org.springframework.data.redis.RedisConnectionFailureException: Unexpected end of stream.; nested exception is redis.clients.jedis.exceptions.JedisConnectionException: Unexpected end of stream.
	at org.springframework.data.redis.connection.jedis.JedisExceptionConverter.convert(JedisExceptionConverter.java:67)
	at org.springframework.data.redis.connection.jedis.JedisExceptionConverter.convert(JedisExceptionConverter.java:41)
	at org.springframework.data.redis.PassThroughExceptionTranslationStrategy.translate(PassThroughExceptionTranslationStrategy.java:37)
	at org.springframework.data.redis.FallbackExceptionTranslationStrategy.translate(FallbackExceptionTranslationStrategy.java:37)
	at org.springframework.data.redis.connection.jedis.JedisConnection.convertJedisAccessException(JedisConnection.java:212)
	at org.springframework.data.redis.connection.jedis.JedisConnection.sMembers(JedisConnection.java:1986)
	at org.springframework.data.redis.core.DefaultSetOperations$7.doInRedis(DefaultSetOperations.java:129)
	at org.springframework.data.redis.core.DefaultSetOperations$7.doInRedis(DefaultSetOperations.java:126)
	at org.springframework.data.redis.core.RedisTemplate.execute(RedisTemplate.java:202)
	at org.springframework.data.redis.core.RedisTemplate.execute(RedisTemplate.java:164)
	at org.springframework.data.redis.core.AbstractOperations.execute(AbstractOperations.java:88)
	at org.springframework.data.redis.core.DefaultSetOperations.members(DefaultSetOperations.java:126)
	at org.springframework.data.redis.core.DefaultBoundSetOperations.members(DefaultBoundSetOperations.java:91)
	at org.springframework.session.data.redis.RedisSessionExpirationPolicy.cleanExpiredSessions(RedisSessionExpirationPolicy.java:123)
	at org.springframework.session.data.redis.RedisOperationsSessionRepository.cleanupExpiredSessions(RedisOperationsSessionRepository.java:398)
	at sun.reflect.GeneratedMethodAccessor113.invoke(Unknown Source)
	at sun.reflect.DelegatingMethodAccessorImpl.invoke(DelegatingMethodAccessorImpl.java:43)
	at java.lang.reflect.Method.invoke(Method.java:498)
	at org.springframework.scheduling.support.ScheduledMethodRunnable.run(ScheduledMethodRunnable.java:65)
	at org.springframework.scheduling.support.DelegatingErrorHandlingRunnable.run(DelegatingErrorHandlingRunnable.java:54)
	at org.springframework.scheduling.concurrent.ReschedulingRunnable.run(ReschedulingRunnable.java:81)
	at java.util.concurrent.Executors$RunnableAdapter.call(Executors.java:511)
	at java.util.concurrent.FutureTask.run(FutureTask.java:266)
	at java.util.concurrent.ScheduledThreadPoolExecutor$ScheduledFutureTask.access$201(ScheduledThreadPoolExecutor.java:180)
	at java.util.concurrent.ScheduledThreadPoolExecutor$ScheduledFutureTask.run(ScheduledThreadPoolExecutor.java:293)
	at java.util.concurrent.ThreadPoolExecutor.runWorker(ThreadPoolExecutor.java:1142)
	at java.util.concurrent.ThreadPoolExecutor$Worker.run(ThreadPoolExecutor.java:617)
	at java.lang.Thread.run(Thread.java:745)
Caused by: redis.clients.jedis.exceptions.JedisConnectionException: Unexpected end of stream.
	at redis.clients.util.RedisInputStream.ensureFill(RedisInputStream.java:199)
	at redis.clients.util.RedisInputStream.readByte(RedisInputStream.java:40)
	at redis.clients.jedis.Protocol.process(Protocol.java:147)
	at redis.clients.jedis.Protocol.read(Protocol.java:211)
	at redis.clients.jedis.Connection.readProtocolWithCheckingBroken(Connection.java:297)
	at redis.clients.jedis.Connection.getBinaryMultiBulkReply(Connection.java:233)
	at redis.clients.jedis.BinaryJedis.smembers(BinaryJedis.java:1222)
	at org.springframework.data.redis.connection.jedis.JedisConnection.sMembers(JedisConnection.java:1984)
	... 22 common frames omitted
10:19:00.301 [pool-3-thread-1] INFO  com.lonefeifei.custom.Scheduling.SchedulingConfig - >>>>>>>>>>>>> scheduled ... 
10:19:00.361 [Thread-5] INFO  o.s.context.support.DefaultLifecycleProcessor - Stopping beans in phase 2147483647
10:19:00.368 [Thread-5] INFO  o.s.context.support.DefaultLifecycleProcessor - Stopping beans in phase 0
10:19:00.388 [Thread-5] INFO  o.s.jmx.export.annotation.AnnotationMBeanExporter - Unregistering JMX-exposed beans on shutdown
10:19:00.397 [Thread-5] INFO  o.s.orm.jpa.LocalContainerEntityManagerFactoryBean - Closing JPA EntityManagerFactory for persistence unit 'default'
